[35m[1mScanning dependencies of target _open_base_generate_messages_check_deps_MovementBezier[0m
[35m[1mScanning dependencies of target _open_base_generate_messages_check_deps_Movement[0m
[35m[1mScanning dependencies of target sensor_msgs_generate_messages_cpp[0m
[35m[1mScanning dependencies of target _open_base_generate_messages_check_deps_KinematicsForward[0m
[35m[1mScanning dependencies of target _open_base_generate_messages_check_deps_MovementGeneric[0m
[35m[1mScanning dependencies of target _open_base_generate_messages_check_deps_Velocity[0m
[35m[1mScanning dependencies of target std_msgs_generate_messages_cpp[0m
[35m[1mScanning dependencies of target geometry_msgs_generate_messages_cpp[0m
[  0%] Built target sensor_msgs_generate_messages_cpp
[  0%] Built target std_msgs_generate_messages_cpp
[  0%] Built target geometry_msgs_generate_messages_cpp
[35m[1mScanning dependencies of target _open_base_generate_messages_check_deps_FrameToFrame[0m
[35m[1mScanning dependencies of target _open_base_generate_messages_check_deps_KinematicsInverse[0m
[35m[1mScanning dependencies of target gazebo_msgs_generate_messages_cpp[0m
[  0%] Built target gazebo_msgs_generate_messages_cpp
[  0%] Built target _open_base_generate_messages_check_deps_KinematicsForward
[  0%] Built target _open_base_generate_messages_check_deps_MovementBezier
[  0%] Built target _open_base_generate_messages_check_deps_Movement
[35m[1mScanning dependencies of target gazebo_msgs_generate_messages_eus[0m
[  0%] Built target _open_base_generate_messages_check_deps_Velocity
[  0%] Built target _open_base_generate_messages_check_deps_MovementGeneric
[35m[1mScanning dependencies of target std_msgs_generate_messages_eus[0m
[35m[1mScanning dependencies of target geometry_msgs_generate_messages_eus[0m
[  0%] Built target _open_base_generate_messages_check_deps_FrameToFrame
[35m[1mScanning dependencies of target sensor_msgs_generate_messages_eus[0m
[  0%] Built target _open_base_generate_messages_check_deps_KinematicsInverse
[35m[1mScanning dependencies of target gazebo_msgs_generate_messages_py[0m
[  0%] Built target gazebo_msgs_generate_messages_eus
[35m[1mScanning dependencies of target std_msgs_generate_messages_py[0m
[  0%] Built target std_msgs_generate_messages_eus
[  0%] Built target geometry_msgs_generate_messages_eus
[35m[1mScanning dependencies of target sensor_msgs_generate_messages_py[0m
[  0%] Built target sensor_msgs_generate_messages_eus
[35m[1mScanning dependencies of target geometry_msgs_generate_messages_py[0m
[  0%] Built target gazebo_msgs_generate_messages_py
[  0%] Built target std_msgs_generate_messages_py
[35m[1mScanning dependencies of target gazebo_msgs_generate_messages_nodejs[0m
[35m[1mScanning dependencies of target geometry_msgs_generate_messages_nodejs[0m
[35m[1mScanning dependencies of target std_msgs_generate_messages_nodejs[0m
[35m[1mScanning dependencies of target sensor_msgs_generate_messages_lisp[0m
[35m[1mScanning dependencies of target sensor_msgs_generate_messages_nodejs[0m
[  0%] Built target sensor_msgs_generate_messages_py
[  0%] Built target geometry_msgs_generate_messages_py
[35m[1mScanning dependencies of target std_msgs_generate_messages_lisp[0m
[  0%] Built target gazebo_msgs_generate_messages_nodejs
[  0%] Built target geometry_msgs_generate_messages_nodejs
[  0%] Built target std_msgs_generate_messages_nodejs
[  0%] Built target sensor_msgs_generate_messages_lisp
[  0%] Built target sensor_msgs_generate_messages_nodejs
[35m[1mScanning dependencies of target geometry_msgs_generate_messages_lisp[0m
[35m[1mScanning dependencies of target gazebo_msgs_generate_messages_lisp[0m
[  0%] Built target std_msgs_generate_messages_lisp
[35m[1mScanning dependencies of target open_base_generate_messages_cpp[0m
[35m[1mScanning dependencies of target open_base_generate_messages_eus[0m
[35m[1mScanning dependencies of target open_base_generate_messages_nodejs[0m
[35m[1mScanning dependencies of target open_base_generate_messages_py[0m
[  0%] Built target geometry_msgs_generate_messages_lisp
[  0%] Built target gazebo_msgs_generate_messages_lisp
[  4%] [34m[1mGenerating C++ code from open_base/Velocity.msg[0m
[  4%] [34m[1mGenerating Javascript code from open_base/Velocity.msg[0m
[  6%] [34m[1mGenerating C++ code from open_base/Movement.msg[0m
[  8%] [34m[1mGenerating EusLisp code from open_base/Velocity.msg[0m
[ 10%] [34m[1mGenerating C++ code from open_base/MovementBezier.msg[0m
[ 13%] [34m[1mGenerating Python from MSG open_base/Velocity[0m
[ 15%] [34m[1mGenerating EusLisp code from open_base/MovementBezier.msg[0m
[ 17%] [34m[1mGenerating C++ code from open_base/MovementGeneric.msg[0m
[ 19%] [34m[1mGenerating Javascript code from open_base/MovementBezier.msg[0m
[ 21%] [34m[1mGenerating EusLisp code from open_base/MovementGeneric.msg[0m
[ 23%] [34m[1mGenerating Javascript code from open_base/MovementGeneric.msg[0m
[ 26%] [34m[1mGenerating Javascript code from open_base/Movement.msg[0m
[ 28%] [34m[1mGenerating Python from MSG open_base/MovementBezier[0m
[ 30%] [34m[1mGenerating Python from MSG open_base/MovementGeneric[0m
[ 32%] [34m[1mGenerating C++ code from open_base/FrameToFrame.srv[0m
[ 34%] [34m[1mGenerating Python from MSG open_base/Movement[0m
[ 36%] [34m[1mGenerating Python code from SRV open_base/FrameToFrame[0m
[ 39%] [34m[1mGenerating EusLisp code from open_base/Movement.msg[0m
[ 41%] [34m[1mGenerating EusLisp code from open_base/FrameToFrame.srv[0m
[ 43%] [34m[1mGenerating Javascript code from open_base/FrameToFrame.srv[0m
[ 45%] [34m[1mGenerating Javascript code from open_base/KinematicsForward.srv[0m
[ 47%] [34m[1mGenerating EusLisp code from open_base/KinematicsForward.srv[0m
[ 50%] [34m[1mGenerating Javascript code from open_base/KinematicsInverse.srv[0m
[ 52%] [34m[1mGenerating Python code from SRV open_base/KinematicsForward[0m
[ 54%] [34m[1mGenerating EusLisp code from open_base/KinematicsInverse.srv[0m
[ 56%] [34m[1mGenerating Python code from SRV open_base/KinematicsInverse[0m
[ 58%] [34m[1mGenerating C++ code from open_base/KinematicsForward.srv[0m
[ 60%] [34m[1mGenerating C++ code from open_base/KinematicsInverse.srv[0m
[ 60%] Built target open_base_generate_messages_nodejs
[35m[1mScanning dependencies of target open_base_generate_messages_lisp[0m
[ 63%] [34m[1mGenerating Lisp code from open_base/Velocity.msg[0m
[ 65%] [34m[1mGenerating Lisp code from open_base/MovementBezier.msg[0m
[ 67%] [34m[1mGenerating Lisp code from open_base/MovementGeneric.msg[0m
[ 69%] [34m[1mGenerating Lisp code from open_base/Movement.msg[0m
[ 71%] [34m[1mGenerating EusLisp manifest code for open_base[0m
[ 73%] [34m[1mGenerating Lisp code from open_base/FrameToFrame.srv[0m
[ 76%] [34m[1mGenerating Lisp code from open_base/KinematicsForward.srv[0m
[ 78%] [34m[1mGenerating Lisp code from open_base/KinematicsInverse.srv[0m
[ 80%] [34m[1mGenerating Python srv __init__.py for open_base[0m
[ 82%] [34m[1mGenerating Python msg __init__.py for open_base[0m
[ 82%] Built target open_base_generate_messages_lisp
[ 82%] Built target open_base_generate_messages_cpp
[35m[1mScanning dependencies of target open_base_kinematics[0m
[35m[1mScanning dependencies of target open_base_main[0m
[35m[1mScanning dependencies of target open_base_sensor_encoder[0m
[35m[1mScanning dependencies of target open_base_odometry[0m
[ 84%] [32mBuilding CXX object CMakeFiles/open_base_kinematics.dir/src/kinematics.cpp.o[0m
[ 86%] [32mBuilding CXX object CMakeFiles/open_base_sensor_encoder.dir/src/sensor/encoder.cpp.o[0m
[ 89%] [32mBuilding CXX object CMakeFiles/open_base_main.dir/src/main.cpp.o[0m
[ 91%] [32mBuilding CXX object CMakeFiles/open_base_odometry.dir/src/odometry.cpp.o[0m
[ 91%] Built target open_base_generate_messages_py
[ 91%] Built target open_base_generate_messages_eus
[35m[1mScanning dependencies of target open_base_generate_messages[0m
[ 91%] Built target open_base_generate_messages
[01m[K/home/nikita/omni_ws/src/open_base/src/kinematics.cpp:[m[K In function ‘[01m[Kbool mobileToWorld(open_base::FrameToFrame::Request&, open_base::FrameToFrame::Response&)[m[K’:
[01m[K/home/nikita/omni_ws/src/open_base/src/kinematics.cpp:28:1:[m[K [01;35m[Kwarning: [m[Kno return statement in function returning non-void [[01;35m[K-Wreturn-type[m[K]
   28 | [01;35m[K}[m[K
      | [01;35m[K^[m[K
[01m[K/home/nikita/omni_ws/src/open_base/src/kinematics.cpp:[m[K In function ‘[01m[Kbool worldToMobile(open_base::FrameToFrame::Request&, open_base::FrameToFrame::Response&)[m[K’:
[01m[K/home/nikita/omni_ws/src/open_base/src/kinematics.cpp:37:1:[m[K [01;35m[Kwarning: [m[Kno return statement in function returning non-void [[01;35m[K-Wreturn-type[m[K]
   37 | [01;35m[K}[m[K
      | [01;35m[K^[m[K
[ 93%] [32m[1mLinking CXX executable /home/nikita/omni_ws/devel/.private/open_base/lib/open_base/open_base_sensor_encoder[0m
[ 93%] Built target open_base_sensor_encoder
[ 95%] [32m[1mLinking CXX executable /home/nikita/omni_ws/devel/.private/open_base/lib/open_base/open_base_odometry[0m
[ 97%] [32m[1mLinking CXX executable /home/nikita/omni_ws/devel/.private/open_base/lib/open_base/open_base_main[0m
[ 97%] Built target open_base_main
[ 97%] Built target open_base_odometry
[100%] [32m[1mLinking CXX executable /home/nikita/omni_ws/devel/.private/open_base/lib/open_base/open_base_kinematics[0m
[100%] Built target open_base_kinematics
