Linked: (/home/nikita/omni_ws/devel/.private/open_base/lib/open_base/open_base_odometry, /home/nikita/omni_ws/devel/lib/open_base/open_base_odometry)
Linked: (/home/nikita/omni_ws/devel/.private/open_base/lib/open_base/publisher_node.py, /home/nikita/omni_ws/devel/lib/open_base/publisher_node.py)
Linked: (/home/nikita/omni_ws/devel/.private/open_base/lib/open_base/launch.py, /home/nikita/omni_ws/devel/lib/open_base/launch.py)
Linked: (/home/nikita/omni_ws/devel/.private/open_base/lib/open_base/open_base_main, /home/nikita/omni_ws/devel/lib/open_base/open_base_main)
Linked: (/home/nikita/omni_ws/devel/.private/open_base/lib/open_base/open_base_sensor_encoder, /home/nikita/omni_ws/devel/lib/open_base/open_base_sensor_encoder)
Linked: (/home/nikita/omni_ws/devel/.private/open_base/lib/open_base/cmake.lock, /home/nikita/omni_ws/devel/lib/open_base/cmake.lock)
Linked: (/home/nikita/omni_ws/devel/.private/open_base/lib/open_base/open_base_kinematics, /home/nikita/omni_ws/devel/lib/open_base/open_base_kinematics)
Linked: (/home/nikita/omni_ws/devel/.private/open_base/lib/python3/dist-packages/open_base/__init__.py, /home/nikita/omni_ws/devel/lib/python3/dist-packages/open_base/__init__.py)
Linked: (/home/nikita/omni_ws/devel/.private/open_base/lib/python3/dist-packages/open_base/srv/__init__.py, /home/nikita/omni_ws/devel/lib/python3/dist-packages/open_base/srv/__init__.py)
Linked: (/home/nikita/omni_ws/devel/.private/open_base/lib/python3/dist-packages/open_base/srv/_FrameToFrame.py, /home/nikita/omni_ws/devel/lib/python3/dist-packages/open_base/srv/_FrameToFrame.py)
Linked: (/home/nikita/omni_ws/devel/.private/open_base/lib/python3/dist-packages/open_base/srv/_KinematicsInverse.py, /home/nikita/omni_ws/devel/lib/python3/dist-packages/open_base/srv/_KinematicsInverse.py)
Linked: (/home/nikita/omni_ws/devel/.private/open_base/lib/python3/dist-packages/open_base/srv/_KinematicsForward.py, /home/nikita/omni_ws/devel/lib/python3/dist-packages/open_base/srv/_KinematicsForward.py)
Linked: (/home/nikita/omni_ws/devel/.private/open_base/lib/python3/dist-packages/open_base/msg/_MovementBezier.py, /home/nikita/omni_ws/devel/lib/python3/dist-packages/open_base/msg/_MovementBezier.py)
Linked: (/home/nikita/omni_ws/devel/.private/open_base/lib/python3/dist-packages/open_base/msg/__init__.py, /home/nikita/omni_ws/devel/lib/python3/dist-packages/open_base/msg/__init__.py)
Linked: (/home/nikita/omni_ws/devel/.private/open_base/lib/python3/dist-packages/open_base/msg/_Movement.py, /home/nikita/omni_ws/devel/lib/python3/dist-packages/open_base/msg/_Movement.py)
Linked: (/home/nikita/omni_ws/devel/.private/open_base/lib/python3/dist-packages/open_base/msg/_MovementGeneric.py, /home/nikita/omni_ws/devel/lib/python3/dist-packages/open_base/msg/_MovementGeneric.py)
Linked: (/home/nikita/omni_ws/devel/.private/open_base/lib/python3/dist-packages/open_base/msg/_Velocity.py, /home/nikita/omni_ws/devel/lib/python3/dist-packages/open_base/msg/_Velocity.py)
Linked: (/home/nikita/omni_ws/devel/.private/open_base/lib/pkgconfig/open_base.pc, /home/nikita/omni_ws/devel/lib/pkgconfig/open_base.pc)
Linked: (/home/nikita/omni_ws/devel/.private/open_base/share/open_base/cmake/open_base-msg-extras.cmake, /home/nikita/omni_ws/devel/share/open_base/cmake/open_base-msg-extras.cmake)
Linked: (/home/nikita/omni_ws/devel/.private/open_base/share/open_base/cmake/open_baseConfig.cmake, /home/nikita/omni_ws/devel/share/open_base/cmake/open_baseConfig.cmake)
Linked: (/home/nikita/omni_ws/devel/.private/open_base/share/open_base/cmake/open_baseConfig-version.cmake, /home/nikita/omni_ws/devel/share/open_base/cmake/open_baseConfig-version.cmake)
Linked: (/home/nikita/omni_ws/devel/.private/open_base/share/open_base/cmake/open_base-msg-paths.cmake, /home/nikita/omni_ws/devel/share/open_base/cmake/open_base-msg-paths.cmake)
Linked: (/home/nikita/omni_ws/devel/.private/open_base/share/gennodejs/ros/open_base/_index.js, /home/nikita/omni_ws/devel/share/gennodejs/ros/open_base/_index.js)
Linked: (/home/nikita/omni_ws/devel/.private/open_base/share/gennodejs/ros/open_base/srv/KinematicsForward.js, /home/nikita/omni_ws/devel/share/gennodejs/ros/open_base/srv/KinematicsForward.js)
Linked: (/home/nikita/omni_ws/devel/.private/open_base/share/gennodejs/ros/open_base/srv/FrameToFrame.js, /home/nikita/omni_ws/devel/share/gennodejs/ros/open_base/srv/FrameToFrame.js)
Linked: (/home/nikita/omni_ws/devel/.private/open_base/share/gennodejs/ros/open_base/srv/_index.js, /home/nikita/omni_ws/devel/share/gennodejs/ros/open_base/srv/_index.js)
Linked: (/home/nikita/omni_ws/devel/.private/open_base/share/gennodejs/ros/open_base/srv/KinematicsInverse.js, /home/nikita/omni_ws/devel/share/gennodejs/ros/open_base/srv/KinematicsInverse.js)
Linked: (/home/nikita/omni_ws/devel/.private/open_base/share/gennodejs/ros/open_base/msg/MovementGeneric.js, /home/nikita/omni_ws/devel/share/gennodejs/ros/open_base/msg/MovementGeneric.js)
Linked: (/home/nikita/omni_ws/devel/.private/open_base/share/gennodejs/ros/open_base/msg/MovementBezier.js, /home/nikita/omni_ws/devel/share/gennodejs/ros/open_base/msg/MovementBezier.js)
Linked: (/home/nikita/omni_ws/devel/.private/open_base/share/gennodejs/ros/open_base/msg/Movement.js, /home/nikita/omni_ws/devel/share/gennodejs/ros/open_base/msg/Movement.js)
Linked: (/home/nikita/omni_ws/devel/.private/open_base/share/gennodejs/ros/open_base/msg/Velocity.js, /home/nikita/omni_ws/devel/share/gennodejs/ros/open_base/msg/Velocity.js)
Linked: (/home/nikita/omni_ws/devel/.private/open_base/share/gennodejs/ros/open_base/msg/_index.js, /home/nikita/omni_ws/devel/share/gennodejs/ros/open_base/msg/_index.js)
Linked: (/home/nikita/omni_ws/devel/.private/open_base/share/roseus/ros/open_base/manifest.l, /home/nikita/omni_ws/devel/share/roseus/ros/open_base/manifest.l)
Linked: (/home/nikita/omni_ws/devel/.private/open_base/share/roseus/ros/open_base/srv/FrameToFrame.l, /home/nikita/omni_ws/devel/share/roseus/ros/open_base/srv/FrameToFrame.l)
Linked: (/home/nikita/omni_ws/devel/.private/open_base/share/roseus/ros/open_base/srv/KinematicsInverse.l, /home/nikita/omni_ws/devel/share/roseus/ros/open_base/srv/KinematicsInverse.l)
Linked: (/home/nikita/omni_ws/devel/.private/open_base/share/roseus/ros/open_base/srv/KinematicsForward.l, /home/nikita/omni_ws/devel/share/roseus/ros/open_base/srv/KinematicsForward.l)
Linked: (/home/nikita/omni_ws/devel/.private/open_base/share/roseus/ros/open_base/msg/MovementGeneric.l, /home/nikita/omni_ws/devel/share/roseus/ros/open_base/msg/MovementGeneric.l)
Linked: (/home/nikita/omni_ws/devel/.private/open_base/share/roseus/ros/open_base/msg/Movement.l, /home/nikita/omni_ws/devel/share/roseus/ros/open_base/msg/Movement.l)
Linked: (/home/nikita/omni_ws/devel/.private/open_base/share/roseus/ros/open_base/msg/MovementBezier.l, /home/nikita/omni_ws/devel/share/roseus/ros/open_base/msg/MovementBezier.l)
Linked: (/home/nikita/omni_ws/devel/.private/open_base/share/roseus/ros/open_base/msg/Velocity.l, /home/nikita/omni_ws/devel/share/roseus/ros/open_base/msg/Velocity.l)
Linked: (/home/nikita/omni_ws/devel/.private/open_base/share/common-lisp/ros/open_base/srv/KinematicsForward.lisp, /home/nikita/omni_ws/devel/share/common-lisp/ros/open_base/srv/KinematicsForward.lisp)
Linked: (/home/nikita/omni_ws/devel/.private/open_base/share/common-lisp/ros/open_base/srv/FrameToFrame.lisp, /home/nikita/omni_ws/devel/share/common-lisp/ros/open_base/srv/FrameToFrame.lisp)
Linked: (/home/nikita/omni_ws/devel/.private/open_base/share/common-lisp/ros/open_base/srv/open_base-srv.asd, /home/nikita/omni_ws/devel/share/common-lisp/ros/open_base/srv/open_base-srv.asd)
Linked: (/home/nikita/omni_ws/devel/.private/open_base/share/common-lisp/ros/open_base/srv/_package_KinematicsForward.lisp, /home/nikita/omni_ws/devel/share/common-lisp/ros/open_base/srv/_package_KinematicsForward.lisp)
Linked: (/home/nikita/omni_ws/devel/.private/open_base/share/common-lisp/ros/open_base/srv/_package_KinematicsInverse.lisp, /home/nikita/omni_ws/devel/share/common-lisp/ros/open_base/srv/_package_KinematicsInverse.lisp)
Linked: (/home/nikita/omni_ws/devel/.private/open_base/share/common-lisp/ros/open_base/srv/_package.lisp, /home/nikita/omni_ws/devel/share/common-lisp/ros/open_base/srv/_package.lisp)
Linked: (/home/nikita/omni_ws/devel/.private/open_base/share/common-lisp/ros/open_base/srv/KinematicsInverse.lisp, /home/nikita/omni_ws/devel/share/common-lisp/ros/open_base/srv/KinematicsInverse.lisp)
Linked: (/home/nikita/omni_ws/devel/.private/open_base/share/common-lisp/ros/open_base/srv/_package_FrameToFrame.lisp, /home/nikita/omni_ws/devel/share/common-lisp/ros/open_base/srv/_package_FrameToFrame.lisp)
Linked: (/home/nikita/omni_ws/devel/.private/open_base/share/common-lisp/ros/open_base/msg/_package_Movement.lisp, /home/nikita/omni_ws/devel/share/common-lisp/ros/open_base/msg/_package_Movement.lisp)
Linked: (/home/nikita/omni_ws/devel/.private/open_base/share/common-lisp/ros/open_base/msg/MovementBezier.lisp, /home/nikita/omni_ws/devel/share/common-lisp/ros/open_base/msg/MovementBezier.lisp)
Linked: (/home/nikita/omni_ws/devel/.private/open_base/share/common-lisp/ros/open_base/msg/_package_MovementGeneric.lisp, /home/nikita/omni_ws/devel/share/common-lisp/ros/open_base/msg/_package_MovementGeneric.lisp)
Linked: (/home/nikita/omni_ws/devel/.private/open_base/share/common-lisp/ros/open_base/msg/Velocity.lisp, /home/nikita/omni_ws/devel/share/common-lisp/ros/open_base/msg/Velocity.lisp)
Linked: (/home/nikita/omni_ws/devel/.private/open_base/share/common-lisp/ros/open_base/msg/Movement.lisp, /home/nikita/omni_ws/devel/share/common-lisp/ros/open_base/msg/Movement.lisp)
Linked: (/home/nikita/omni_ws/devel/.private/open_base/share/common-lisp/ros/open_base/msg/open_base-msg.asd, /home/nikita/omni_ws/devel/share/common-lisp/ros/open_base/msg/open_base-msg.asd)
Linked: (/home/nikita/omni_ws/devel/.private/open_base/share/common-lisp/ros/open_base/msg/_package_Velocity.lisp, /home/nikita/omni_ws/devel/share/common-lisp/ros/open_base/msg/_package_Velocity.lisp)
Linked: (/home/nikita/omni_ws/devel/.private/open_base/share/common-lisp/ros/open_base/msg/MovementGeneric.lisp, /home/nikita/omni_ws/devel/share/common-lisp/ros/open_base/msg/MovementGeneric.lisp)
Linked: (/home/nikita/omni_ws/devel/.private/open_base/share/common-lisp/ros/open_base/msg/_package.lisp, /home/nikita/omni_ws/devel/share/common-lisp/ros/open_base/msg/_package.lisp)
Linked: (/home/nikita/omni_ws/devel/.private/open_base/share/common-lisp/ros/open_base/msg/_package_MovementBezier.lisp, /home/nikita/omni_ws/devel/share/common-lisp/ros/open_base/msg/_package_MovementBezier.lisp)
Linked: (/home/nikita/omni_ws/devel/.private/open_base/include/open_base/MovementBezier.h, /home/nikita/omni_ws/devel/include/open_base/MovementBezier.h)
Linked: (/home/nikita/omni_ws/devel/.private/open_base/include/open_base/KinematicsInverse.h, /home/nikita/omni_ws/devel/include/open_base/KinematicsInverse.h)
Linked: (/home/nikita/omni_ws/devel/.private/open_base/include/open_base/KinematicsInverseResponse.h, /home/nikita/omni_ws/devel/include/open_base/KinematicsInverseResponse.h)
Linked: (/home/nikita/omni_ws/devel/.private/open_base/include/open_base/FrameToFrameRequest.h, /home/nikita/omni_ws/devel/include/open_base/FrameToFrameRequest.h)
Linked: (/home/nikita/omni_ws/devel/.private/open_base/include/open_base/KinematicsInverseRequest.h, /home/nikita/omni_ws/devel/include/open_base/KinematicsInverseRequest.h)
Linked: (/home/nikita/omni_ws/devel/.private/open_base/include/open_base/KinematicsForwardResponse.h, /home/nikita/omni_ws/devel/include/open_base/KinematicsForwardResponse.h)
Linked: (/home/nikita/omni_ws/devel/.private/open_base/include/open_base/MovementGeneric.h, /home/nikita/omni_ws/devel/include/open_base/MovementGeneric.h)
Linked: (/home/nikita/omni_ws/devel/.private/open_base/include/open_base/KinematicsForwardRequest.h, /home/nikita/omni_ws/devel/include/open_base/KinematicsForwardRequest.h)
Linked: (/home/nikita/omni_ws/devel/.private/open_base/include/open_base/Movement.h, /home/nikita/omni_ws/devel/include/open_base/Movement.h)
Linked: (/home/nikita/omni_ws/devel/.private/open_base/include/open_base/KinematicsForward.h, /home/nikita/omni_ws/devel/include/open_base/KinematicsForward.h)
Linked: (/home/nikita/omni_ws/devel/.private/open_base/include/open_base/FrameToFrame.h, /home/nikita/omni_ws/devel/include/open_base/FrameToFrame.h)
Linked: (/home/nikita/omni_ws/devel/.private/open_base/include/open_base/Velocity.h, /home/nikita/omni_ws/devel/include/open_base/Velocity.h)
Linked: (/home/nikita/omni_ws/devel/.private/open_base/include/open_base/FrameToFrameResponse.h, /home/nikita/omni_ws/devel/include/open_base/FrameToFrameResponse.h)
