[  0%] Built target std_msgs_generate_messages_cpp
[  0%] Built target sensor_msgs_generate_messages_cpp
[  0%] Built target geometry_msgs_generate_messages_cpp
[  0%] Built target _open_base_generate_messages_check_deps_MovementBezier
[  0%] Built target gazebo_msgs_generate_messages_cpp
[  0%] Built target _open_base_generate_messages_check_deps_MovementGeneric
[  0%] Built target gazebo_msgs_generate_messages_eus
[  0%] Built target _open_base_generate_messages_check_deps_Movement
[  0%] Built target _open_base_generate_messages_check_deps_Velocity
[  0%] Built target std_msgs_generate_messages_eus
[  0%] Built target _open_base_generate_messages_check_deps_KinematicsForward
[  0%] Built target geometry_msgs_generate_messages_eus
[  0%] Built target gazebo_msgs_generate_messages_py
[  0%] Built target _open_base_generate_messages_check_deps_KinematicsInverse
[  0%] Built target _open_base_generate_messages_check_deps_FrameToFrame
[  0%] Built target sensor_msgs_generate_messages_eus
[  0%] Built target std_msgs_generate_messages_py
[  0%] Built target geometry_msgs_generate_messages_nodejs
[  0%] Built target geometry_msgs_generate_messages_py
[  0%] Built target sensor_msgs_generate_messages_lisp
[  0%] Built target sensor_msgs_generate_messages_py
[  0%] Built target gazebo_msgs_generate_messages_nodejs
[  0%] Built target sensor_msgs_generate_messages_nodejs
[ 17%] Built target open_base_generate_messages_eus
[ 17%] Built target std_msgs_generate_messages_nodejs
[ 17%] Built target geometry_msgs_generate_messages_lisp
[ 17%] Built target gazebo_msgs_generate_messages_lisp
[ 32%] Built target open_base_generate_messages_cpp
[ 32%] Built target std_msgs_generate_messages_lisp
[ 52%] Built target open_base_generate_messages_py
[ 67%] Built target open_base_generate_messages_nodejs
[ 71%] Built target open_base_kinematics
[ 76%] Built target open_base_odometry
[ 91%] Built target open_base_generate_messages_lisp
[ 95%] Built target open_base_main
[100%] Built target open_base_sensor_encoder
[100%] Built target open_base_generate_messages
