Symlinking /home/nikita/omni_ws/devel/lib/open_base/open_base_odometry
Symlinking /home/nikita/omni_ws/devel/lib/open_base/publisher_node.py
Symlinking /home/nikita/omni_ws/devel/lib/open_base/launch.py
Symlinking /home/nikita/omni_ws/devel/lib/open_base/open_base_main
Symlinking /home/nikita/omni_ws/devel/lib/open_base/open_base_sensor_encoder
Symlinking /home/nikita/omni_ws/devel/lib/open_base/cmake.lock
Symlinking /home/nikita/omni_ws/devel/lib/open_base/open_base_kinematics
Symlinking /home/nikita/omni_ws/devel/lib/python3/dist-packages/open_base/__init__.py
Symlinking /home/nikita/omni_ws/devel/lib/python3/dist-packages/open_base/srv/__init__.py
Symlinking /home/nikita/omni_ws/devel/lib/python3/dist-packages/open_base/srv/_FrameToFrame.py
Symlinking /home/nikita/omni_ws/devel/lib/python3/dist-packages/open_base/srv/_KinematicsInverse.py
Symlinking /home/nikita/omni_ws/devel/lib/python3/dist-packages/open_base/srv/_KinematicsForward.py
Symlinking /home/nikita/omni_ws/devel/lib/python3/dist-packages/open_base/msg/_MovementBezier.py
Symlinking /home/nikita/omni_ws/devel/lib/python3/dist-packages/open_base/msg/__init__.py
Symlinking /home/nikita/omni_ws/devel/lib/python3/dist-packages/open_base/msg/_Movement.py
Symlinking /home/nikita/omni_ws/devel/lib/python3/dist-packages/open_base/msg/_MovementGeneric.py
Symlinking /home/nikita/omni_ws/devel/lib/python3/dist-packages/open_base/msg/_Velocity.py
Symlinking /home/nikita/omni_ws/devel/lib/pkgconfig/open_base.pc
Symlinking /home/nikita/omni_ws/devel/share/open_base/cmake/open_base-msg-extras.cmake
Symlinking /home/nikita/omni_ws/devel/share/open_base/cmake/open_baseConfig.cmake
Symlinking /home/nikita/omni_ws/devel/share/open_base/cmake/open_baseConfig-version.cmake
Symlinking /home/nikita/omni_ws/devel/share/open_base/cmake/open_base-msg-paths.cmake
Symlinking /home/nikita/omni_ws/devel/share/gennodejs/ros/open_base/_index.js
Symlinking /home/nikita/omni_ws/devel/share/gennodejs/ros/open_base/srv/KinematicsForward.js
Symlinking /home/nikita/omni_ws/devel/share/gennodejs/ros/open_base/srv/FrameToFrame.js
Symlinking /home/nikita/omni_ws/devel/share/gennodejs/ros/open_base/srv/_index.js
Symlinking /home/nikita/omni_ws/devel/share/gennodejs/ros/open_base/srv/KinematicsInverse.js
Symlinking /home/nikita/omni_ws/devel/share/gennodejs/ros/open_base/msg/MovementGeneric.js
Symlinking /home/nikita/omni_ws/devel/share/gennodejs/ros/open_base/msg/MovementBezier.js
Symlinking /home/nikita/omni_ws/devel/share/gennodejs/ros/open_base/msg/Movement.js
Symlinking /home/nikita/omni_ws/devel/share/gennodejs/ros/open_base/msg/Velocity.js
Symlinking /home/nikita/omni_ws/devel/share/gennodejs/ros/open_base/msg/_index.js
Symlinking /home/nikita/omni_ws/devel/share/roseus/ros/open_base/manifest.l
Symlinking /home/nikita/omni_ws/devel/share/roseus/ros/open_base/srv/FrameToFrame.l
Symlinking /home/nikita/omni_ws/devel/share/roseus/ros/open_base/srv/KinematicsInverse.l
Symlinking /home/nikita/omni_ws/devel/share/roseus/ros/open_base/srv/KinematicsForward.l
Symlinking /home/nikita/omni_ws/devel/share/roseus/ros/open_base/msg/MovementGeneric.l
Symlinking /home/nikita/omni_ws/devel/share/roseus/ros/open_base/msg/Movement.l
Symlinking /home/nikita/omni_ws/devel/share/roseus/ros/open_base/msg/MovementBezier.l
Symlinking /home/nikita/omni_ws/devel/share/roseus/ros/open_base/msg/Velocity.l
Symlinking /home/nikita/omni_ws/devel/share/common-lisp/ros/open_base/srv/KinematicsForward.lisp
Symlinking /home/nikita/omni_ws/devel/share/common-lisp/ros/open_base/srv/FrameToFrame.lisp
Symlinking /home/nikita/omni_ws/devel/share/common-lisp/ros/open_base/srv/open_base-srv.asd
Symlinking /home/nikita/omni_ws/devel/share/common-lisp/ros/open_base/srv/_package_KinematicsForward.lisp
Symlinking /home/nikita/omni_ws/devel/share/common-lisp/ros/open_base/srv/_package_KinematicsInverse.lisp
Symlinking /home/nikita/omni_ws/devel/share/common-lisp/ros/open_base/srv/_package.lisp
Symlinking /home/nikita/omni_ws/devel/share/common-lisp/ros/open_base/srv/KinematicsInverse.lisp
Symlinking /home/nikita/omni_ws/devel/share/common-lisp/ros/open_base/srv/_package_FrameToFrame.lisp
Symlinking /home/nikita/omni_ws/devel/share/common-lisp/ros/open_base/msg/_package_Movement.lisp
Symlinking /home/nikita/omni_ws/devel/share/common-lisp/ros/open_base/msg/MovementBezier.lisp
Symlinking /home/nikita/omni_ws/devel/share/common-lisp/ros/open_base/msg/_package_MovementGeneric.lisp
Symlinking /home/nikita/omni_ws/devel/share/common-lisp/ros/open_base/msg/Velocity.lisp
Symlinking /home/nikita/omni_ws/devel/share/common-lisp/ros/open_base/msg/Movement.lisp
Symlinking /home/nikita/omni_ws/devel/share/common-lisp/ros/open_base/msg/open_base-msg.asd
Symlinking /home/nikita/omni_ws/devel/share/common-lisp/ros/open_base/msg/_package_Velocity.lisp
Symlinking /home/nikita/omni_ws/devel/share/common-lisp/ros/open_base/msg/MovementGeneric.lisp
Symlinking /home/nikita/omni_ws/devel/share/common-lisp/ros/open_base/msg/_package.lisp
Symlinking /home/nikita/omni_ws/devel/share/common-lisp/ros/open_base/msg/_package_MovementBezier.lisp
Symlinking /home/nikita/omni_ws/devel/include/open_base/MovementBezier.h
Symlinking /home/nikita/omni_ws/devel/include/open_base/KinematicsInverse.h
Symlinking /home/nikita/omni_ws/devel/include/open_base/KinematicsInverseResponse.h
Symlinking /home/nikita/omni_ws/devel/include/open_base/FrameToFrameRequest.h
Symlinking /home/nikita/omni_ws/devel/include/open_base/KinematicsInverseRequest.h
Symlinking /home/nikita/omni_ws/devel/include/open_base/KinematicsForwardResponse.h
Symlinking /home/nikita/omni_ws/devel/include/open_base/MovementGeneric.h
Symlinking /home/nikita/omni_ws/devel/include/open_base/KinematicsForwardRequest.h
Symlinking /home/nikita/omni_ws/devel/include/open_base/Movement.h
Symlinking /home/nikita/omni_ws/devel/include/open_base/KinematicsForward.h
Symlinking /home/nikita/omni_ws/devel/include/open_base/FrameToFrame.h
Symlinking /home/nikita/omni_ws/devel/include/open_base/Velocity.h
Symlinking /home/nikita/omni_ws/devel/include/open_base/FrameToFrameResponse.h
